Determining if the function wsyncup exists in the /usr/lib64/libcurses.so passed with the following output:
Change Dir: /home/victor/week6/spriNGboard_week_06/cmake_installer/installer_source_files/cmake-3.18.0/Source/Checks/Curses-build/CMakeFiles/CMakeTmp

Run Build Command(s):/usr/bin/gmake cmTC_c09e2/fast && gmake  -f CMakeFiles/cmTC_c09e2.dir/build.make CMakeFiles/cmTC_c09e2.dir/build
gmake[1]: Entering directory `/home/victor/week6/spriNGboard_week_06/cmake_installer/installer_source_files/cmake-3.18.0/Source/Checks/Curses-build/CMakeFiles/CMakeTmp'
Building C object CMakeFiles/cmTC_c09e2.dir/CheckFunctionExists.c.o
/usr/bin/gcc   -DCHECK_FUNCTION_EXISTS=wsyncup -o CMakeFiles/cmTC_c09e2.dir/CheckFunctionExists.c.o -c /home/victor/week6/spriNGboard_week_06/cmake_installer/installer_source_files/cmake-3.18.0/Modules/CheckFunctionExists.c
Linking C executable cmTC_c09e2
/home/victor/week6/spriNGboard_week_06/cmake_installer/installer_source_files/cmake-3.18.0/Bootstrap.cmk/cmake -E cmake_link_script CMakeFiles/cmTC_c09e2.dir/link.txt --verbose=1
/usr/bin/gcc  -DCHECK_FUNCTION_EXISTS=wsyncup -rdynamic CMakeFiles/cmTC_c09e2.dir/CheckFunctionExists.c.o -o cmTC_c09e2  -lcurses 
gmake[1]: Leaving directory `/home/victor/week6/spriNGboard_week_06/cmake_installer/installer_source_files/cmake-3.18.0/Source/Checks/Curses-build/CMakeFiles/CMakeTmp'



Determining if the function cbreak exists in the /usr/lib64/libncurses.so passed with the following output:
Change Dir: /home/victor/week6/spriNGboard_week_06/cmake_installer/installer_source_files/cmake-3.18.0/Source/Checks/Curses-build/CMakeFiles/CMakeTmp

Run Build Command(s):/usr/bin/gmake cmTC_b700a/fast && gmake  -f CMakeFiles/cmTC_b700a.dir/build.make CMakeFiles/cmTC_b700a.dir/build
gmake[1]: Entering directory `/home/victor/week6/spriNGboard_week_06/cmake_installer/installer_source_files/cmake-3.18.0/Source/Checks/Curses-build/CMakeFiles/CMakeTmp'
Building C object CMakeFiles/cmTC_b700a.dir/CheckFunctionExists.c.o
/usr/bin/gcc   -DCHECK_FUNCTION_EXISTS=cbreak -o CMakeFiles/cmTC_b700a.dir/CheckFunctionExists.c.o -c /home/victor/week6/spriNGboard_week_06/cmake_installer/installer_source_files/cmake-3.18.0/Modules/CheckFunctionExists.c
Linking C executable cmTC_b700a
/home/victor/week6/spriNGboard_week_06/cmake_installer/installer_source_files/cmake-3.18.0/Bootstrap.cmk/cmake -E cmake_link_script CMakeFiles/cmTC_b700a.dir/link.txt --verbose=1
/usr/bin/gcc  -DCHECK_FUNCTION_EXISTS=cbreak -rdynamic CMakeFiles/cmTC_b700a.dir/CheckFunctionExists.c.o -o cmTC_b700a  -lncurses 
gmake[1]: Leaving directory `/home/victor/week6/spriNGboard_week_06/cmake_installer/installer_source_files/cmake-3.18.0/Source/Checks/Curses-build/CMakeFiles/CMakeTmp'



